<?xml version="1.0" encoding="UTF-8"?>
<testsuite xmlns:xsi="http://www.w3.org/2001/XMLSchema-instance" xsi:schemaLocation="https://maven.apache.org/surefire/maven-surefire-plugin/xsd/surefire-test-report.xsd" name="TestSuite" time="275.635" tests="2" errors="0" skipped="0" failures="1">
  <properties>
[...]
</properties>
  <testcase name="feature" classname="cucumbersample.cucumbersample.testrunner.TestRunner" time="215.237"/>
  <testcase name="feature" classname="cucumbersample.cucumbersample.testrunner.TestRunner" time="58.727">
    <failure message="org.openqa.selenium.NoSuchElementException: no such element: Unable to locate element: {&quot;method&quot;:&quot;xpath&quot;,&quot;selector&quot;:&quot;//span[@class=&apos;user-display&apos;] &quot;}&#10;  (Session info: chrome=78.0.3904.70)&#10;For documentation on this error, please visit: https://www.seleniumhq.org/exceptions/no_such_element.html&#10;Build info: version: &apos;3.141.59&apos;, revision: &apos;e82be7d358&apos;, time: &apos;2018-11-14T08:17:03&apos;&#10;System info: host: &apos;LAPTOP-5CHV4394&apos;, ip: &apos;192.168.43.33&apos;, os.name: &apos;Windows 10&apos;, os.arch: &apos;amd64&apos;, os.version: &apos;10.0&apos;, java.version: &apos;1.8.0_211&apos;&#10;Driver info: org.openqa.selenium.chrome.ChromeDriver&#10;Capabilities {acceptInsecureCerts: false, browserName: chrome, browserVersion: 78.0.3904.70, chrome: {chromedriverVersion: 78.0.3904.70 (edb9c9f3de024..., userDataDir: C:\Users\NIBEDI~1\AppData\L...}, goog:chromeOptions: {debuggerAddress: localhost:55920}, javascriptEnabled: true, networkConnectionEnabled: false, pageLoadStrategy: normal, platform: XP, platformName: XP, proxy: Proxy(), setWindowRect: true, strictFileInteractability: false, timeouts: {implicit: 0, pageLoad: 300000, script: 30000}, unhandledPromptBehavior: dismiss and notify}&#10;Session ID: 5a0553780d763ee737eef3e54a22b101&#10;*** Element info: {Using=xpath, value=//span[@class=&apos;user-display&apos;] }" type="cucumber.runtime.CucumberException">cucumber.runtime.CucumberException: 
org.openqa.selenium.NoSuchElementException: no such element: Unable to locate element: {"method":"xpath","selector":"//span[@class='user-display'] "}
  (Session info: chrome=78.0.3904.70)
For documentation on this error, please visit: https://www.seleniumhq.org/exceptions/no_such_element.html
Build info: version: '3.141.59', revision: 'e82be7d358', time: '2018-11-14T08:17:03'
System info: host: 'LAPTOP-5CHV4394', ip: '192.168.43.33', os.name: 'Windows 10', os.arch: 'amd64', os.version: '10.0', java.version: '1.8.0_211'
Driver info: org.openqa.selenium.chrome.ChromeDriver
Capabilities {acceptInsecureCerts: false, browserName: chrome, browserVersion: 78.0.3904.70, chrome: {chromedriverVersion: 78.0.3904.70 (edb9c9f3de024..., userDataDir: C:\Users\NIBEDI~1\AppData\L...}, goog:chromeOptions: {debuggerAddress: localhost:55920}, javascriptEnabled: true, networkConnectionEnabled: false, pageLoadStrategy: normal, platform: XP, platformName: XP, proxy: Proxy(), setWindowRect: true, strictFileInteractability: false, timeouts: {implicit: 0, pageLoad: 300000, script: 30000}, unhandledPromptBehavior: dismiss and notify}
Session ID: 5a0553780d763ee737eef3e54a22b101
*** Element info: {Using=xpath, value=//span[@class='user-display'] }
	at cucumbersample.cucumbersample.testrunner.TestRunner.feature(TestRunner.java:25)
Caused by: org.openqa.selenium.NoSuchElementException: 
no such element: Unable to locate element: {"method":"xpath","selector":"//span[@class='user-display'] "}
  (Session info: chrome=78.0.3904.70)
For documentation on this error, please visit: https://www.seleniumhq.org/exceptions/no_such_element.html
Build info: version: '3.141.59', revision: 'e82be7d358', time: '2018-11-14T08:17:03'
System info: host: 'LAPTOP-5CHV4394', ip: '192.168.43.33', os.name: 'Windows 10', os.arch: 'amd64', os.version: '10.0', java.version: '1.8.0_211'
Driver info: org.openqa.selenium.chrome.ChromeDriver
Capabilities {acceptInsecureCerts: false, browserName: chrome, browserVersion: 78.0.3904.70, chrome: {chromedriverVersion: 78.0.3904.70 (edb9c9f3de024..., userDataDir: C:\Users\NIBEDI~1\AppData\L...}, goog:chromeOptions: {debuggerAddress: localhost:55920}, javascriptEnabled: true, networkConnectionEnabled: false, pageLoadStrategy: normal, platform: XP, platformName: XP, proxy: Proxy(), setWindowRect: true, strictFileInteractability: false, timeouts: {implicit: 0, pageLoad: 300000, script: 30000}, unhandledPromptBehavior: dismiss and notify}
Session ID: 5a0553780d763ee737eef3e54a22b101
*** Element info: {Using=xpath, value=//span[@class='user-display'] }
</failure>
    <system-out><![CDATA[#Author: nibeditadan@gmail.com
#Keywords Summary :
#Feature: List of scenarios.
#Scenario: Business rule through list of steps with arguments.
#Given: Some precondition step
#When: Some key actions
#Then: To observe outcomes or validation
#And,But: To enumerate more Given,When,Then steps
#Scenario Outline: List of steps for data-driven as an Examples and <placeholder>
#Examples: Container for s table
#Background: List of steps run before each of the scenarios
#""" (Doc Strings)
@Login
Feature: Sign In
  As an customer of the company
  I want to login to application with my credentails
  In order to use the application features.
2019-10-31 10:10:554 INFO  WaitHelper :20 - waiting for element visibilityOf..
2019-10-31 10:10:133 INFO  WaitHelper :23 - element is visible..

  Background: User navigates to Application URL                &amp#27;[90m# login.feature:19&amp#27;[0m
    &amp#27;[32mGiven &amp#27;[0m&amp#27;[32mI am on the Login page URL "&amp#27;[0m&amp#27;[32m&amp#27;[1mhttps://ui.cogmento.com&amp#27;[0m&amp#27;[32m"&amp#27;[0m &amp#27;[90m# loginPageStepDefinitions.i_am_on_the_Login_page_URL(String)&amp#27;[0m
    &amp#27;[32mThen &amp#27;[0m&amp#27;[32mI should see Log In Page&amp#27;[0m                              &amp#27;[90m# loginPageStepDefinitions.i_should_see_Log_In_Page()&amp#27;[0m
2019-10-31 10:10:229 INFO  WaitHelper :20 - waiting for element visibilityOf..
2019-10-31 10:10:288 INFO  WaitHelper :23 - element is visible..
2019-10-31 10:10:528 INFO  WaitHelper :20 - waiting for element visibilityOf..
2019-10-31 10:10:574 INFO  WaitHelper :23 - element is visible..
2019-10-31 10:10:431 INFO  ServiceHooks :33 - Sign In with valid credential is Failed

  @sanity
  Scenario: Sign In with valid credential            &amp#27;[90m# login.feature:24&amp#27;[0m
    &amp#27;[32mWhen &amp#27;[0m&amp#27;[32mI enter username as "&amp#27;[0m&amp#27;[32m&amp#27;[1mnibeditadan@gmail.com&amp#27;[0m&amp#27;[32m"&amp#27;[0m &amp#27;[90m# loginPageStepDefinitions.i_enter_username_as(String)&amp#27;[0m
    &amp#27;[32mAnd &amp#27;[0m&amp#27;[32mI enter password as "&amp#27;[0m&amp#27;[32m&amp#27;[1mPassword#123&amp#27;[0m&amp#27;[32m"&amp#27;[0m           &amp#27;[90m# loginPageStepDefinitions.i_enter_password_as(String)&amp#27;[0m
    &amp#27;[32mAnd &amp#27;[0m&amp#27;[32mclick on login button&amp#27;[0m                        &amp#27;[90m# loginPageStepDefinitions.click_on_login_button()&amp#27;[0m
    &amp#27;[32mThen &amp#27;[0m&amp#27;[32mI sould see application homepage&amp#27;[0m            &amp#27;[90m# loginPageStepDefinitions.i_sould_see_application_homepage()&amp#27;[0m
    &amp#27;[31mAnd &amp#27;[0m&amp#27;[31mI sould see my username on Home Page&amp#27;[0m         &amp#27;[90m# loginPageStepDefinitions.i_sould_see_my_username_on_Home_Page()&amp#27;[0m
      &amp#27;[31morg.openqa.selenium.NoSuchElementException: no such element: Unable to locate element: {"method":"xpath","selector":"//span[@class='user-display'] "}
        (Session info: chrome=78.0.3904.70)
      For documentation on this error, please visit: https://www.seleniumhq.org/exceptions/no_such_element.html
      Build info: version: '3.141.59', revision: 'e82be7d358', time: '2018-11-14T08:17:03'
      System info: host: 'LAPTOP-5CHV4394', ip: '192.168.43.33', os.name: 'Windows 10', os.arch: 'amd64', os.version: '10.0', java.version: '1.8.0_211'
      Driver info: org.openqa.selenium.chrome.ChromeDriver
      Capabilities {acceptInsecureCerts: false, browserName: chrome, browserVersion: 78.0.3904.70, chrome: {chromedriverVersion: 78.0.3904.70 (edb9c9f3de024..., userDataDir: C:\Users\NIBEDI~1\AppData\L...}, goog:chromeOptions: {debuggerAddress: localhost:55920}, javascriptEnabled: true, networkConnectionEnabled: false, pageLoadStrategy: normal, platform: XP, platformName: XP, proxy: Proxy(), setWindowRect: true, strictFileInteractability: false, timeouts: {implicit: 0, pageLoad: 300000, script: 30000}, unhandledPromptBehavior: dismiss and notify}
      Session ID: 5a0553780d763ee737eef3e54a22b101
      *** Element info: {Using=xpath, value=//span[@class='user-display'] }
      	at sun.reflect.NativeConstructorAccessorImpl.newInstance0(Native Method)
      	at sun.reflect.NativeConstructorAccessorImpl.newInstance(NativeConstructorAccessorImpl.java:62)
      	at sun.reflect.DelegatingConstructorAccessorImpl.newInstance(DelegatingConstructorAccessorImpl.java:45)
      	at java.lang.reflect.Constructor.newInstance(Constructor.java:423)
      	at org.openqa.selenium.remote.http.W3CHttpResponseCodec.createException(W3CHttpResponseCodec.java:187)
      	at org.openqa.selenium.remote.http.W3CHttpResponseCodec.decode(W3CHttpResponseCodec.java:122)
      	at org.openqa.selenium.remote.http.W3CHttpResponseCodec.decode(W3CHttpResponseCodec.java:49)
      	at org.openqa.selenium.remote.HttpCommandExecutor.execute(HttpCommandExecutor.java:158)
      	at org.openqa.selenium.remote.service.DriverCommandExecutor.execute(DriverCommandExecutor.java:83)
      	at org.openqa.selenium.remote.RemoteWebDriver.execute(RemoteWebDriver.java:552)
      	at org.openqa.selenium.remote.RemoteWebDriver.findElement(RemoteWebDriver.java:323)
      	at org.openqa.selenium.remote.RemoteWebDriver.findElementByXPath(RemoteWebDriver.java:428)
      	at org.openqa.selenium.By$ByXPath.findElement(By.java:353)
      	at org.openqa.selenium.remote.RemoteWebDriver.findElement(RemoteWebDriver.java:315)
      	at org.openqa.selenium.support.pagefactory.DefaultElementLocator.findElement(DefaultElementLocator.java:69)
      	at org.openqa.selenium.support.pagefactory.internal.LocatingElementHandler.invoke(LocatingElementHandler.java:38)
      	at com.sun.proxy.$Proxy18.getText(Unknown Source)
      	at cucumbersample.cucumbersample.pageobject.LoginPage.getUsernameInHomePage(LoginPage.java:62)
      	at cucumbersample.cucumbersample.stepdefinition.loginPageStepDefinitions.i_sould_see_my_username_on_Home_Page(loginPageStepDefinitions.java:58)
      	at ?.And I sould see my username on Home Page(login.feature:29)
      &amp#27;[0m

  @sanity
  Scenario Outline: Sign In with valid credentials &amp#27;[90m# login.feature:32&amp#27;[0m
    &amp#27;[36mWhen &amp#27;[0m&amp#27;[36mI enter username as "<userName>"&amp#27;[0m
    &amp#27;[36mAnd &amp#27;[0m&amp#27;[36mI enter password as "<password>"&amp#27;[0m
    &amp#27;[36mAnd &amp#27;[0m&amp#27;[36mclick on login button&amp#27;[0m
    &amp#27;[36mThen &amp#27;[0m&amp#27;[36mI sould see application "<homepage>"&amp#27;[0m
    &amp#27;[36mAnd &amp#27;[0m&amp#27;[36mI sould see my "<userName>" on Home Page&amp#27;[0m

    Examples: 
]]></system-out>
    <system-err><![CDATA[Starting ChromeDriver 78.0.3904.70 (edb9c9f3de0247fd912a77b7f6cae7447f6d3ad5-refs/branch-heads/3904@{#800}) on port 10196
Only local connections are allowed.
Please protect ports used by ChromeDriver and related test frameworks to prevent access by malicious code.
[1572498692.793][WARNING]: Timed out connecting to Chrome, retrying...
Oct 31, 2019 10:41:34 AM org.openqa.selenium.remote.ProtocolHandshake createSession
INFO: Detected dialect: W3C
[1572498696.847][WARNING]: Timed out connecting to Chrome, retrying...
]]></system-err>
  </testcase>
</testsuite>