<?xml version="1.0" encoding="UTF-8"?>
<testng-results skipped="0" failed="0" total="2" passed="2">
  <reporter-output>
  </reporter-output>
  <suite name="BDD Test Suite" duration-ms="112825" started-at="2019-10-30T12:34:19Z" finished-at="2019-10-30T12:36:12Z">
    <groups>
      <group name="cucumber">
        <method signature="TestRunner.feature(cucumber.api.testng.CucumberFeatureWrapper)[pri:0, instance:cucumbersample.cucumbersample.testrunner.TestRunner@6a41eaa2]" name="feature" class="cucumbersample.cucumbersample.testrunner.TestRunner"/>
      </group> <!-- cucumber -->
    </groups>
    <test name="Regression Test" duration-ms="112825" started-at="2019-10-30T12:34:19Z" finished-at="2019-10-30T12:36:12Z">
      <class name="cucumbersample.cucumbersample.testrunner.TestRunner">
        <test-method status="PASS" signature="setUpClass()[pri:0, instance:cucumbersample.cucumbersample.testrunner.TestRunner@6a41eaa2]" name="setUpClass" is-config="true" duration-ms="606" started-at="2019-10-30T18:04:19Z" finished-at="2019-10-30T18:04:20Z">
          <reporter-output>
          </reporter-output>
        </test-method> <!-- setUpClass -->
        <test-method status="PASS" signature="feature(cucumber.api.testng.CucumberFeatureWrapper)[pri:0, instance:cucumbersample.cucumbersample.testrunner.TestRunner@6a41eaa2]" name="feature" duration-ms="79142" started-at="2019-10-30T18:04:20Z" description="Runs cucmber Features" data-provider="features" finished-at="2019-10-30T18:05:39Z">
          <params>
            <param index="0">
              <value>
                <![CDATA[Forget Password]]>
              </value>
            </param>
          </params>
          <reporter-output>
          </reporter-output>
        </test-method> <!-- feature -->
        <test-method status="PASS" signature="feature(cucumber.api.testng.CucumberFeatureWrapper)[pri:0, instance:cucumbersample.cucumbersample.testrunner.TestRunner@6a41eaa2]" name="feature" duration-ms="32665" started-at="2019-10-30T18:05:39Z" description="Runs cucmber Features" data-provider="features" finished-at="2019-10-30T18:06:12Z">
          <params>
            <param index="0">
              <value>
                <![CDATA[Sign In]]>
              </value>
            </param>
          </params>
          <reporter-output>
          </reporter-output>
        </test-method> <!-- feature -->
        <test-method status="PASS" signature="testDownClass()[pri:0, instance:cucumbersample.cucumbersample.testrunner.TestRunner@6a41eaa2]" name="testDownClass" is-config="true" duration-ms="218" started-at="2019-10-30T18:06:12Z" finished-at="2019-10-30T18:06:12Z">
          <reporter-output>
          </reporter-output>
        </test-method> <!-- testDownClass -->
      </class> <!-- cucumbersample.cucumbersample.testrunner.TestRunner -->
    </test> <!-- Regression Test -->
  </suite> <!-- BDD Test Suite -->
</testng-results>
